
--- Extracting CORN ---
Found target table on page 7, index 0
Year Header Row found at index 0: ['', '2019/20', '2020/21', '2021/22 1/', '2022/23 2/']
Processing label block at Row 1: ['Area planted (mil. ac.)', 'Area harvested', 'Yield (bu./ac.)', 'Production (mil. bu.)', 'Beginning stocks', 'Imports', 'Supply', 'Feed & residual', 'Ethanol', 'Total food, seed & industrial', 'Total domestic use', 'Exports', 'Total use', 'Ending stocks', 'Stocks/use (percent)', 'Season-avg. farm price ($/bu.)']
Detected Merged Style
  Captured (Merged): Area planted (mil. ac.) [2019] = 89.7
  Captured (Merged): Area planted (mil. ac.) [2020] = 90.7
  Captured (Merged): Area planted (mil. ac.) [2021] = 93.4
  Captured (Merged): Area planted (mil. ac.) [2022] = 92.0
  Captured (Merged): Area harvested [2019] = 81.3
  Captured (Merged): Area harvested [2020] = 82.3
  Captured (Merged): Area harvested [2021] = 85.4
  Captured (Merged): Area harvested [2022] = 84.2
  Captured (Merged): Yield (bu./ac.) [2019] = 167.5
  Captured (Merged): Yield (bu./ac.) [2020] = 171.4
  Captured (Merged): Yield (bu./ac.) [2021] = 177.0
  Captured (Merged): Yield (bu./ac.) [2022] = 181.0
  Captured (Merged): Production (mil. bu.) [2019] = 13620
  Captured (Merged): Production (mil. bu.) [2020] = 14111
  Captured (Merged): Production (mil. bu.) [2021] = 15115
  Captured (Merged): Production (mil. bu.) [2022] = 15240
  Captured (Merged): Beginning stocks [2019] = 2221
  Captured (Merged): Beginning stocks [2020] = 1919
  Captured (Merged): Beginning stocks [2021] = 1235
  Captured (Merged): Beginning stocks [2022] = 1540
  Captured (Merged): Imports [2019] = 42
  Captured (Merged): Imports [2020] = 24
  Captured (Merged): Imports [2021] = 25
  Captured (Merged): Imports [2022] = 25
  Captured (Merged): Supply [2019] = 15883
  Captured (Merged): Supply [2020] = 16055
  Captured (Merged): Supply [2021] = 16375
  Captured (Merged): Supply [2022] = 16805
  Captured (Merged): Feed & residual [2019] = 5900
  Captured (Merged): Feed & residual [2020] = 5602
  Captured (Merged): Feed & residual [2021] = 5650
  Captured (Merged): Feed & residual [2022] = 5650
  Captured (Merged): Ethanol [2019] = 4857
  Captured (Merged): Ethanol [2020] = 5028
  Captured (Merged): Ethanol [2021] = 5325
  Captured (Merged): Ethanol [2022] = 5400
  Captured (Merged): Total food, seed & industrial [2019] = 6286
  Captured (Merged): Total food, seed & industrial [2020] = 6466
  Captured (Merged): Total food, seed & industrial [2021] = 6760
  Captured (Merged): Total food, seed & industrial [2022] = 6840
  Captured (Merged): Total domestic use [2019] = 12186
  Captured (Merged): Total domestic use [2020] = 12068
  Captured (Merged): Total domestic use [2021] = 12410
  Captured (Merged): Total domestic use [2022] = 12490
  Captured (Merged): Exports [2019] = 1777
  Captured (Merged): Exports [2020] = 2753
  Captured (Merged): Exports [2021] = 2425
  Captured (Merged): Exports [2022] = 2350
  Captured (Merged): Total use [2019] = 13963
  Captured (Merged): Total use [2020] = 14821
  Captured (Merged): Total use [2021] = 14835
  Captured (Merged): Total use [2022] = 14840
  Captured (Merged): Ending stocks [2019] = 1919
  Captured (Merged): Ending stocks [2020] = 1235
  Captured (Merged): Ending stocks [2021] = 1540
  Captured (Merged): Ending stocks [2022] = 1965
  Captured (Merged): Stocks/use (percent) [2019] = 13.7
  Captured (Merged): Stocks/use (percent) [2020] = 8.3
  Captured (Merged): Stocks/use (percent) [2021] = 10.4
  Captured (Merged): Stocks/use (percent) [2022] = 13.2
  Captured (Merged): Season-avg. farm price ($/bu.) [2019] = 3.56
  Captured (Merged): Season-avg. farm price ($/bu.) [2020] = 4.53
  Captured (Merged): Season-avg. farm price ($/bu.) [2021] = 5.45
  Captured (Merged): Season-avg. farm price ($/bu.) [2022] = 5.00

--- Extracting SOYBEAN ---
Found target table on page 10, index 0
Year Header Row found at index 1: ['', '', '2019/20', '', '', '2020/21', '', '', '2021/22 /1', '', '', '2022/23 /2', '']
Processing label block at Row 3: ['Area planted (mil. ac.)', 'Area harvested', 'Yield (bu./ac.)', 'Production (mil. bu.)', 'Beginning stocks', 'Imports', 'Supply', 'Crush', 'Seed and Residual', 'Total domestic use', 'Exports', 'Total use', 'Ending stocks', 'Stocks/use (percent)', 'Season-avg. farm price ($/bu.)']
Detected Sequential Style
  Captured (Seq): Area planted (mil. ac.) [2019] = 76.1
  Captured (Seq): Area planted (mil. ac.) [2020] = 83.4
  Captured (Seq): Area planted (mil. ac.) [2021] = 87.2
  Captured (Seq): Area planted (mil. ac.) [2022] = 88.0
  Captured (Seq): Area harvested [2019] = 74.9
  Captured (Seq): Area harvested [2020] = 82.6
  Captured (Seq): Area harvested [2021] = 86.3
  Captured (Seq): Area harvested [2022] = 87.2
  Captured (Seq): Yield (bu./ac.) [2019] = 47.4
  Captured (Seq): Yield (bu./ac.) [2020] = 51.0
  Captured (Seq): Yield (bu./ac.) [2021] = 51.4
  Captured (Seq): Yield (bu./ac.) [2022] = 51.5
  Captured (Seq): Production (mil. bu.) [2019] = 3552
  Captured (Seq): Production (mil. bu.) [2020] = 4216
  Captured (Seq): Production (mil. bu.) [2021] = 4435
  Captured (Seq): Production (mil. bu.) [2022] = 4490
  Captured (Seq): Beginning stocks [2019] = 909
  Captured (Seq): Beginning stocks [2020] = 525
  Captured (Seq): Beginning stocks [2021] = 257
  Captured (Seq): Beginning stocks [2022] = 325
  Captured (Seq): Imports [2019] = 15
  Captured (Seq): Imports [2020] = 20
  Captured (Seq): Imports [2021] = 15
  Captured (Seq): Imports [2022] = 15
  Captured (Seq): Supply [2019] = 4476
  Captured (Seq): Supply [2020] = 4761
  Captured (Seq): Supply [2021] = 4707
  Captured (Seq): Supply [2022] = 4830
  Captured (Seq): Crush [2019] = 2165
  Captured (Seq): Crush [2020] = 2141
  Captured (Seq): Crush [2021] = 2215
  Captured (Seq): Crush [2022] = 2250
  Captured (Seq): Seed and Residual [2019] = 108
  Captured (Seq): Seed and Residual [2020] = 103
  Captured (Seq): Seed and Residual [2021] = 117
  Captured (Seq): Seed and Residual [2022] = 125
  Captured (Seq): Total domestic use [2019] = 2273
  Captured (Seq): Total domestic use [2020] = 2243
  Captured (Seq): Total domestic use [2021] = 2332
  Captured (Seq): Total domestic use [2022] = 2375
  Captured (Seq): Exports [2019] = 1679
  Captured (Seq): Exports [2020] = 2261
  Captured (Seq): Exports [2021] = 2050
  Captured (Seq): Exports [2022] = 2150
  Captured (Seq): Total use [2019] = 3952
  Captured (Seq): Total use [2020] = 4504
  Captured (Seq): Total use [2021] = 4382
  Captured (Seq): Total use [2022] = 4525
  Captured (Seq): Ending stocks [2019] = 525
  Captured (Seq): Ending stocks [2020] = 257
  Captured (Seq): Ending stocks [2021] = 325
  Captured (Seq): Ending stocks [2022] = 305
  Captured (Seq): Stocks/use (percent) [2019] = 13.3
  Captured (Seq): Stocks/use (percent) [2020] = 5.7
  Captured (Seq): Stocks/use (percent) [2021] = 7.4
  Captured (Seq): Stocks/use (percent) [2022] = 6.7
  Captured (Seq): Season-avg. farm price ($/bu.) [2019] = 8.57
  Captured (Seq): Season-avg. farm price ($/bu.) [2020] = 10.80
  Captured (Seq): Season-avg. farm price ($/bu.) [2021] = 13.00
  Captured (Seq): Season-avg. farm price ($/bu.) [2022] = 12.75

--- Extracting SOYBEAN_MEAL ---
Found target table on page 11, index 0
Year Header Row found at index 1: ['', '', '2019/20', '', '', '2020/21', '', '', '2021/22 /1', '', '', '2022/23 /2', '']
Processing label block at Row 3: ['Production (thou. short tons)', 'Beginning stocks', 'Imports', 'Supply', 'Domestic Use', 'Exports', 'Total use', 'Ending stocks', 'Avg. price ($/short ton)']
Detected Sequential Style
  Captured (Seq): Production (thou. short tons) [2019] = 51100
  Captured (Seq): Production (thou. short tons) [2020] = 50565
  Captured (Seq): Production (thou. short tons) [2021] = 51909
  Captured (Seq): Production (thou. short tons) [2022] = 53050
  Captured (Seq): Beginning stocks [2019] = 402
  Captured (Seq): Beginning stocks [2020] = 341
  Captured (Seq): Beginning stocks [2021] = 341
  Captured (Seq): Beginning stocks [2022] = 400
  Captured (Seq): Imports [2019] = 639
  Captured (Seq): Imports [2020] = 783
  Captured (Seq): Imports [2021] = 450
  Captured (Seq): Imports [2022] = 450
  Captured (Seq): Supply [2019] = 52142
  Captured (Seq): Supply [2020] = 51689
  Captured (Seq): Supply [2021] = 52700
  Captured (Seq): Supply [2022] = 53900
  Captured (Seq): Domestic Use [2019] = 37967
  Captured (Seq): Domestic Use [2020] = 37580
  Captured (Seq): Domestic Use [2021] = 37900
  Captured (Seq): Domestic Use [2022] = 38600
  Captured (Seq): Exports [2019] = 13834
  Captured (Seq): Exports [2020] = 13768
  Captured (Seq): Exports [2021] = 14400
  Captured (Seq): Exports [2022] = 14800
  Captured (Seq): Total use [2019] = 51801
  Captured (Seq): Total use [2020] = 51348
  Captured (Seq): Total use [2021] = 52300
  Captured (Seq): Total use [2022] = 53400
  Captured (Seq): Ending stocks [2019] = 341
  Captured (Seq): Ending stocks [2020] = 341
  Captured (Seq): Ending stocks [2021] = 400
  Captured (Seq): Ending stocks [2022] = 500
  Captured (Seq): Avg. price ($/short ton) [2019] = 299.50
  Captured (Seq): Avg. price ($/short ton) [2020] = 392.31
  Captured (Seq): Avg. price ($/short ton) [2021] = 410.00
  Captured (Seq): Avg. price ($/short ton) [2022] = 375.00

--- Extracting SOYBEAN_OIL ---
Found target table on page 11, index 0
Year Header Row found at index 1: ['', '', '2019/20', '', '', '2020/21', '', '', '2021/22 /1', '', '', '2022/23 /2', '']
Processing label block at Row 3: ['Production (thou. short tons)', 'Beginning stocks', 'Imports', 'Supply', 'Domestic Use', 'Exports', 'Total use', 'Ending stocks', 'Avg. price ($/short ton)']
Detected Sequential Style
  Captured (Seq): Production (thou. short tons) [2019] = 51100
  Captured (Seq): Production (thou. short tons) [2020] = 50565
  Captured (Seq): Production (thou. short tons) [2021] = 51909
  Captured (Seq): Production (thou. short tons) [2022] = 53050
  Captured (Seq): Beginning stocks [2019] = 402
  Captured (Seq): Beginning stocks [2020] = 341
  Captured (Seq): Beginning stocks [2021] = 341
  Captured (Seq): Beginning stocks [2022] = 400
  Captured (Seq): Imports [2019] = 639
  Captured (Seq): Imports [2020] = 783
  Captured (Seq): Imports [2021] = 450
  Captured (Seq): Imports [2022] = 450
  Captured (Seq): Supply [2019] = 52142
  Captured (Seq): Supply [2020] = 51689
  Captured (Seq): Supply [2021] = 52700
  Captured (Seq): Supply [2022] = 53900
  Captured (Seq): Domestic Use [2019] = 37967
  Captured (Seq): Domestic Use [2020] = 37580
  Captured (Seq): Domestic Use [2021] = 37900
  Captured (Seq): Domestic Use [2022] = 38600
  Captured (Seq): Exports [2019] = 13834
  Captured (Seq): Exports [2020] = 13768
  Captured (Seq): Exports [2021] = 14400
  Captured (Seq): Exports [2022] = 14800
  Captured (Seq): Total use [2019] = 51801
  Captured (Seq): Total use [2020] = 51348
  Captured (Seq): Total use [2021] = 52300
  Captured (Seq): Total use [2022] = 53400
  Captured (Seq): Ending stocks [2019] = 341
  Captured (Seq): Ending stocks [2020] = 341
  Captured (Seq): Ending stocks [2021] = 400
  Captured (Seq): Ending stocks [2022] = 500
  Captured (Seq): Avg. price ($/short ton) [2019] = 299.50
  Captured (Seq): Avg. price ($/short ton) [2020] = 392.31
  Captured (Seq): Avg. price ($/short ton) [2021] = 410.00
  Captured (Seq): Avg. price ($/short ton) [2022] = 375.00

--- Extracting WHEAT ---
Found target table on page 6, index 0
Year Header Row found at index 0: ['', '2019/20', '2020/21', '2021/22 1/', '2022/23 2/']
Processing label block at Row 1: ['Area planted (mil. ac.)', 'Area harvested', 'Yield (bu./ac.)', 'Production (mil. bu.)', 'Beginning stocks', 'Imports', 'Supply', 'Feed & residual', 'Food & seed', 'Total domestic use', 'Exports', 'Total use', 'Ending stocks', 'Stocks/use (percent)', 'Season-avg. farm price ($/bu.)']
Detected Merged Style
  Captured (Merged): Area planted (mil. ac.) [2019] = 45.5
  Captured (Merged): Area planted (mil. ac.) [2020] = 44.3
  Captured (Merged): Area planted (mil. ac.) [2021] = 46.7
  Captured (Merged): Area planted (mil. ac.) [2022] = 48.0
  Captured (Merged): Area harvested [2019] = 37.4
  Captured (Merged): Area harvested [2020] = 36.8
  Captured (Merged): Area harvested [2021] = 37.2
  Captured (Merged): Area harvested [2022] = 39.5
  Captured (Merged): Yield (bu./ac.) [2019] = 51.7
  Captured (Merged): Yield (bu./ac.) [2020] = 49.7
  Captured (Merged): Yield (bu./ac.) [2021] = 44.3
  Captured (Merged): Yield (bu./ac.) [2022] = 49.1
  Captured (Merged): Production (mil. bu.) [2019] = 1932
  Captured (Merged): Production (mil. bu.) [2020] = 1828
  Captured (Merged): Production (mil. bu.) [2021] = 1646
  Captured (Merged): Production (mil. bu.) [2022] = 1940
  Captured (Merged): Beginning stocks [2019] = 1080
  Captured (Merged): Beginning stocks [2020] = 1028
  Captured (Merged): Beginning stocks [2021] = 845
  Captured (Merged): Beginning stocks [2022] = 648
  Captured (Merged): Imports [2019] = 104
  Captured (Merged): Imports [2020] = 100
  Captured (Merged): Imports [2021] = 100
  Captured (Merged): Imports [2022] = 120
  Captured (Merged): Supply [2019] = 3116
  Captured (Merged): Supply [2020] = 2957
  Captured (Merged): Supply [2021] = 2591
  Captured (Merged): Supply [2022] = 2708
  Captured (Merged): Feed & residual [2019] = 95
  Captured (Merged): Feed & residual [2020] = 95
  Captured (Merged): Feed & residual [2021] = 110
  Captured (Merged): Feed & residual [2022] = 100
  Captured (Merged): Food & seed [2019] = 1024
  Captured (Merged): Food & seed [2020] = 1025
  Captured (Merged): Food & seed [2021] = 1023
  Captured (Merged): Food & seed [2022] = 1027
  Captured (Merged): Total domestic use [2019] = 1118
  Captured (Merged): Total domestic use [2020] = 1120
  Captured (Merged): Total domestic use [2021] = 1133
  Captured (Merged): Total domestic use [2022] = 1127
  Captured (Merged): Exports [2019] = 969
  Captured (Merged): Exports [2020] = 992
  Captured (Merged): Exports [2021] = 810
  Captured (Merged): Exports [2022] = 850
  Captured (Merged): Total use [2019] = 2087
  Captured (Merged): Total use [2020] = 2111
  Captured (Merged): Total use [2021] = 1943
  Captured (Merged): Total use [2022] = 1977
  Captured (Merged): Ending stocks [2019] = 1028
  Captured (Merged): Ending stocks [2020] = 845
  Captured (Merged): Ending stocks [2021] = 648
  Captured (Merged): Ending stocks [2022] = 731
  Captured (Merged): Stocks/use (percent) [2019] = 49.3
  Captured (Merged): Stocks/use (percent) [2020] = 40.0
  Captured (Merged): Stocks/use (percent) [2021] = 33.3
  Captured (Merged): Stocks/use (percent) [2022] = 37.0
  Captured (Merged): Season-avg. farm price ($/bu.) [2019] = 4.58
  Captured (Merged): Season-avg. farm price ($/bu.) [2020] = 5.05
  Captured (Merged): Season-avg. farm price ($/bu.) [2021] = 7.30
  Captured (Merged): Season-avg. farm price ($/bu.) [2022] = 6.80
